<?xml version="1.0" encoding="UTF-8"?>

<mule xmlns:scripting="http://www.mulesoft.org/schema/mule/scripting"
	xmlns:http="http://www.mulesoft.org/schema/mule/http" xmlns:ee="http://www.mulesoft.org/schema/mule/ee/core"
	xmlns:xsi="http://www.w3.org/2001/XMLSchema-instance" xmlns:munit="http://www.mulesoft.org/schema/mule/munit"
	xmlns:munit-tools="http://www.mulesoft.org/schema/mule/munit-tools"
	xmlns="http://www.mulesoft.org/schema/mule/core" xmlns:doc="http://www.mulesoft.org/schema/mule/documentation"
	xsi:schemaLocation="
		http://www.mulesoft.org/schema/mule/core http://www.mulesoft.org/schema/mule/core/current/mule.xsd
		http://www.mulesoft.org/schema/mule/munit http://www.mulesoft.org/schema/mule/munit/current/mule-munit.xsd
		http://www.mulesoft.org/schema/mule/munit-tools  http://www.mulesoft.org/schema/mule/munit-tools/current/mule-munit-tools.xsd
http://www.mulesoft.org/schema/mule/ee/core http://www.mulesoft.org/schema/mule/ee/core/current/mule-ee.xsd
http://www.mulesoft.org/schema/mule/http http://www.mulesoft.org/schema/mule/http/current/mule-http.xsd
http://www.mulesoft.org/schema/mule/scripting http://www.mulesoft.org/schema/mule/scripting/current/mule-scripting.xsd">
	<munit:config name="test-suite.xml" />

	<configuration-properties doc:name="Configuration properties"
		doc:id="26f8ac56-8b64-4c87-879c-86032502bc1f" file="mule.test.properties" />
	<http:request-config name="HTTP_Request_configuration"
		doc:name="HTTP Request configuration" doc:id="57e5465e-b065-4258-950e-4f2200282830"
		basePath="${api.basePath}">
		<http:request-connection host="${api.domain}"
			port="${http.port}"/>
	</http:request-config>
	<munit:before-test name="test-suiteBefore_Test"
		description="Before tests actions" doc:id="e2221884-746d-4ca5-8ada-77bbd819349f">
		<ee:transform doc:name="Prepare test data"
			doc:id="025c27df-fbbb-4539-b896-4242a0c7b4fa">
			<ee:message />
			<ee:variables>
				<ee:set-variable variableName="testData"><![CDATA[%dw 2.0
output application/json
var uniqueId = "test_" ++ uuid()[0 to 7]
---
{
"firstName": uniqueId,
"lastName": uniqueId,
"addressLine": "MainStreet 1",
"city": "Beverly Hills",
"postalCode": "90210",
"country": "USA",
"region": "USA-CA",
"birthDate": "1988-01-01-08:00",
"phone": "6534-555",
"email": uniqueId ++ "@noname.com",
"positionTitle": "Can be deleted",
"weeklyHours": "160",
"basePay": "4000",
"currency": "USD"
}]]></ee:set-variable>
			</ee:variables>
		</ee:transform>
	</munit:before-test>
	<munit:test name="POST_DELETE_employees_testFlow" description="MUnit Test"
		doc:id="f45b1833-c3ee-42be-b254-aed39eb0fd43">
		<munit:enable-flow-sources>
			<munit:enable-flow-source value="template-apiled-system-employee-nets-main" />
			<munit:enable-flow-source
				value="post:\employees:application\json:template-apiled-system-employee-nets-config" />
			<munit:enable-flow-source value="postEmployeesFlow" />
			<munit:enable-flow-source value="lookUpNetsuiteCountryEnumFlow" />
			<munit:enable-flow-source value="deleteEmployeesById" />
			<munit:enable-flow-source
				value="delete:\employees\(id):template-apiled-system-employee-nets-config" />
		</munit:enable-flow-sources>
		<munit:execution>
			<set-payload value="#[vars.testData]" doc:name="Set test data" doc:id="3f095f33-e4d0-4cc4-b60b-3d3999274461" />
			<flow-ref doc:name="Call POST_employees_Flow" doc:id="044b90ce-de2b-47dd-a7f0-6b6e33151189" name="POST_employees_Flow" />
			<scripting:execute engine="groovy" doc:name="Sleep for 10 seconds" doc:id="5c893d07-b27e-449d-ac3b-edf531cb718c">
				<scripting:code>sleep(10000)</scripting:code>
			</scripting:execute>
			<flow-ref doc:name="Call DELETE_employeesById_Flow" doc:id="af264712-8828-47d5-8409-1cb4183e2843" name="DELETE_employeesById_Flow" />
			<scripting:execute engine="groovy" doc:name="Sleep for 20 seconds" doc:id="aa0236db-d51b-4d6e-9711-03b8df39b3d5" >
				<scripting:code >sleep(20000)</scripting:code>
			</scripting:execute>
		</munit:execution>
		<munit:validation >
			<munit-tools:assert-that doc:name="Assert that POST status code is 201"
	doc:id="111f9881-0579-4cc8-ad4f-8ecf11f8a9ee" expression="#[vars.POSTemployeesRetVal.statusCode]"
	is="#[MunitTools::equalTo(201)]" message="Status code should by 201" />
			<munit-tools:assert-that doc:name="Assert that DELETE status code is 200" doc:id="97f5be7d-fcba-4f72-b493-95a01e0097ac" expression="#[vars.DELETEemployeesByIdRetVal.statusCode]" is="#[MunitTools::equalTo(200)]" message="Status code should by 200" />
		</munit:validation>
	</munit:test>
	<munit:test name="GET_employees_testFlow" description="MUnit Test" doc:id="d16282b9-daea-4259-b744-b3f60f03cb09" >
		<munit:enable-flow-sources>
			<munit:enable-flow-source value="template-apiled-system-employee-nets-main" />
			<munit:enable-flow-source value="lookUpRealCountryNamefromNetsuiteEnumFlow" />
			<munit:enable-flow-source value="get:\employees:template-apiled-system-employee-nets-config" />
			<munit:enable-flow-source value="getEmployeesFlow" />
    	</munit:enable-flow-sources>
		<munit:execution>
			<flow-ref doc:name="Call GET_employees_Flow" doc:id="5ef0c248-439e-48d8-b94f-6f2c43ef4350" name="GET_employees_Flow" />
			<scripting:execute doc:name="Sleep 60 seconds" doc:id="a46c9be9-2c4b-46bc-b9b1-68c39bfaf094" engine="groovy">
				<scripting:code >sleep(60000)</scripting:code>
			</scripting:execute>
		</munit:execution>
		<munit:validation >
			<munit-tools:assert-that doc:name="Assert that GET status code is 200" doc:id="e560cf1c-2db4-4637-97e2-b7e6275f3a65" expression="#[vars.GETemployeesRetVal.statusCode]" is="#[MunitTools::equalTo(200)]" message="Status code should by 200" />
		</munit:validation>
	</munit:test>
	<munit:test name="PATCH_employeesById_testFlow" description="MUnit Test" doc:id="0305ea6b-b52b-49cb-949c-19fc5cd8576f" >
		<munit:enable-flow-sources>
			<munit:enable-flow-source value="template-apiled-system-employee-nets-main" />
			<munit:enable-flow-source value="lookUpNetsuiteCountryEnumFlow" />
			<munit:enable-flow-source value="post:\employees:application\json:template-apiled-system-employee-nets-config" />
			<munit:enable-flow-source value="postEmployeesFlow" />
			<munit:enable-flow-source value="patch:\employees\(id):application\json:template-apiled-system-employee-nets-config" />
			<munit:enable-flow-source value="patchEmployeesById" />
			<munit:enable-flow-source value="delete:\employees\(id):template-apiled-system-employee-nets-config" />
			<munit:enable-flow-source value="deleteEmployeesById" />
    	</munit:enable-flow-sources>
		<munit:execution >
			<set-payload value="#[vars.testData]" doc:name="Set test data" doc:id="b320fa1a-6726-4f6e-a122-cc5f584b1fc9" />
			<flow-ref doc:name="Call POST_employees_Flow" doc:id="5c6a4e70-684a-4199-b8a0-1edf2ee62196" name="POST_employees_Flow" />
			<scripting:execute engine="groovy" doc:name="Sleep for 10 seconds" doc:id="50e1389d-3322-47fa-9e4d-c83fdc265899">
				<scripting:code>sleep(10000)</scripting:code>
			</scripting:execute>
			<ee:transform doc:name="Prepare data for PATCH" doc:id="59817de8-b3e9-4408-a2b6-c0f871c95fd4" >
				<ee:message >
					<ee:set-payload ><![CDATA[%dw 2.0
output application/json
---
{
	"id" : vars.POSTemployeesRetVal.payload.id,
	"positionTitle" : "Can be deleted too"
}]]></ee:set-payload>
				</ee:message>
			</ee:transform>
			<flow-ref doc:name="Call PATCH_employeesById_Flow" doc:id="6d748547-4399-4639-bdb1-edb70a7ad7a5" name="PATCH_employeesById_Flow" />
			<scripting:execute engine="groovy" doc:name="Sleep for 10 seconds" doc:id="ea964c07-d090-4473-9fb6-d8f09b4c8f7e">
				<scripting:code>sleep(10000)</scripting:code>
			</scripting:execute>
			<flow-ref doc:name="Call DELETE_employeesById_Flow" doc:id="7f447d86-2281-46ca-b136-3d83073ec7ce" name="DELETE_employeesById_Flow" />
			<scripting:execute engine="groovy" doc:name="Sleep for 20 seconds" doc:id="0eb1a163-2a40-4da7-8f76-4b1f906a5e2d" >
				<scripting:code >sleep(20000)</scripting:code>
			</scripting:execute>
		</munit:execution>
		<munit:validation >
			<munit-tools:assert-that doc:name="Assert that PATCH status code is 200" doc:id="f15c51e0-8add-4380-a08a-b3cb1e44b100" expression="#[vars.PATCHemployeesByIdRetVal.statusCode]" is="#[MunitTools::equalTo(200)]" message="Status code should by 200" />
			<munit-tools:assert-that doc:name="Assert that position title has changed" doc:id="49b854d6-9c26-4b63-8e14-f424bb63dfc1" expression="#[vars.PATCHemployeesByIdRetVal.payload.positionTitle]" is="#[MunitTools::not(MunitTools::equalTo(vars.testData.positionTitle))]" message="Position title shoukd change"/>
		</munit:validation>
	</munit:test>
	<munit:test name="GET_employeesById_testFlow" description="MUnit Test" doc:id="b98ce4e3-1aac-4c22-a985-3985a19c2276" >	
		<munit:enable-flow-sources>
			<munit:enable-flow-source value="template-apiled-system-employee-nets-main" />
			<munit:enable-flow-source value="lookUpRealCountryNamefromNetsuiteEnumFlow" />
			<munit:enable-flow-source value="lookUpNetsuiteCountryEnumFlow" />
			<munit:enable-flow-source value="post:\employees:application\json:template-apiled-system-employee-nets-config" />
			<munit:enable-flow-source value="postEmployeesFlow" />
			<munit:enable-flow-source value="get:\employees\(id):template-apiled-system-employee-nets-config" />
			<munit:enable-flow-source value="getEmployeesById" />
			<munit:enable-flow-source value="delete:\employees\(id):template-apiled-system-employee-nets-config" />
			<munit:enable-flow-source value="deleteEmployeesById" />
    	</munit:enable-flow-sources>
		<munit:execution>
			<set-payload value="#[vars.testData]" doc:name="Set test data" doc:id="a671dd5e-0c30-4121-a06c-d09f3f31c0a9" />
			<flow-ref doc:name="Call POST_employees_Flow" doc:id="dfef9a30-c99f-47f6-9463-13d5e44a384a" name="POST_employees_Flow" />
			<scripting:execute engine="groovy" doc:name="Sleep for 10 seconds" doc:id="0c264108-3290-4f48-882a-aa92d3617890" >
				<scripting:code >sleep(10000)</scripting:code>
			</scripting:execute>
			<flow-ref doc:name="Call GET_employeesById_Flow" doc:id="ad73e798-1db2-43bb-bbb2-08c491743eeb" name="GET_employeesById_Flow"/>
			<scripting:execute engine="groovy" doc:name="Sleep for 10 seconds" doc:id="34a0843c-fb37-4a85-9935-0c19438e3810">
				<scripting:code>sleep(10000)</scripting:code>
			</scripting:execute>
			<flow-ref doc:name="Call DELETE_employeesById_Flow" doc:id="e0c7bee9-edb1-4709-a638-829ccefb32f9" name="DELETE_employeesById_Flow" />
			<scripting:execute engine="groovy" doc:name="Sleep for 20 seconds" doc:id="c997da73-1fbc-4fd1-b879-f1786d1311dc" >
				<scripting:code >sleep(20000)</scripting:code>
			</scripting:execute>
		</munit:execution>
		<munit:validation >
			<munit-tools:assert-that doc:name="Assert that GET status code is 200" doc:id="6a85ec88-e962-4ecb-90e3-f6dfc20b994c" expression="#[vars.GETemployeesByIdRetVal.statusCode]" is="#[MunitTools::equalTo(200)]" message="Status code should by 200" />
		</munit:validation>
	</munit:test>
	<sub-flow name="POST_employees_Flow" doc:id="f0d54f95-e988-445c-8f90-e34787a6f6b3">
		<http:request method="POST" doc:name="Request POST /employee" doc:id="63dcd7b2-1419-441e-b01f-2ec844a27182" config-ref="HTTP_Request_configuration" path="/employees" responseTimeout="60000">
		</http:request>
		<ee:transform doc:name="Store retVal to POSTemployeesRetVal" doc:id="d59a23e7-f222-4903-a550-d80cadaa3818">
			<ee:message>
			</ee:message>
			<ee:variables>
					<ee:set-variable variableName="POSTemployeesRetVal"><![CDATA[%dw 2.0
output application/java
---
{
	"payload": payload,
	"statusCode": attributes.statusCode
}]]></ee:set-variable>
			</ee:variables>
		</ee:transform>
	</sub-flow>
	<sub-flow name="PATCH_employeesById_Flow" doc:id="662ba86d-1635-4a99-ad07-d985478a367d">
		<http:request method="PATCH" doc:name="Request PATCH /employees/{id}" doc:id="8c9a0cb9-8744-4878-94b0-7abb9ea768d1" config-ref="HTTP_Request_configuration" path="/employees/{id}" responseTimeout="60000">
			<http:uri-params><![CDATA[#[output application/java
---
{
	"id" : vars.POSTemployeesRetVal.payload.id
}]]]></http:uri-params>
		</http:request>
		<ee:transform doc:name="Store retVal to PatchEmployeesByIdRetVal" doc:id="deaa6edc-3e7a-4cc6-9faa-3f6a411cee51">
			<ee:message>
			</ee:message>
			<ee:variables>
				<ee:set-variable variableName="PatchEmployeesByIdRetVal"><![CDATA[%dw 2.0
output application/java
---
{
	"payload": payload,
	"statusCode": attributes.statusCode
}]]></ee:set-variable>
			</ee:variables>
		</ee:transform>
	</sub-flow>
	<sub-flow name="GET_employeesById_Flow" doc:id="9a65c94c-aefe-439d-9e8f-e39da1859d3e">
		<http:request method="GET" doc:name="Request GET /employees/{id}" doc:id="f17a617a-1354-4353-9518-1eb62ebb0dca" config-ref="HTTP_Request_configuration" path="/employees/{id}" responseTimeout="60000">
				<http:uri-params><![CDATA[#[output application/java
---
{
	"id" : vars.POSTemployeesRetVal.payload.id
}]]]></http:uri-params>
			</http:request>
		<ee:transform doc:name="Store retVal to GetEmployeesByIdRetVal" doc:id="ce6bcca4-3492-49bf-a8d7-e694d88f0e08">
				<ee:message />
				<ee:variables>
					<ee:set-variable variableName="GETemployeesByIdRetVal"><![CDATA[%dw 2.0
output application/java
---
{
	"payload": payload,
	"statusCode": attributes.statusCode
}]]></ee:set-variable>
				</ee:variables>
			</ee:transform>
	</sub-flow>
	<sub-flow name="DELETE_employeesById_Flow" doc:id="86cef177-7de2-4efe-a8b2-e8f7a5bddf32" >
		<http:request method="DELETE" doc:name="Request DELETE /employees/{id}" doc:id="2ff7e7fc-4ec1-4b7d-9f8b-e3633ddaac6c" config-ref="HTTP_Request_configuration" path="/employees/{id}" responseTimeout="60000">
			<http:uri-params ><![CDATA[#[output application/java
---
{
	"id" : vars.POSTemployeesRetVal.payload.id
}]]]></http:uri-params>
		</http:request>
		<ee:transform doc:name="Store retVal to PatchEmployeesByIdRetVal" doc:id="c31cb2fc-ecd9-4f62-ad33-67f3eae44ff1" >
			<ee:message >
			</ee:message>
			<ee:variables >
				<ee:set-variable variableName="PatchEmployeesByIdRetVal" ><![CDATA[%dw 2.0
output application/java
---
{
	"payload": payload,
	"statusCode": attributes.statusCode
}]]></ee:set-variable>
				<ee:set-variable variableName="DeleteEmployeesByIdRetVal" ><![CDATA[%dw 2.0
output application/java
---
{
	"payload": payload,
	"statusCode": attributes.statusCode
}]]></ee:set-variable>
			</ee:variables>
		</ee:transform>
	</sub-flow>
	<sub-flow name="GET_employees_Flow" doc:id="b8b051f1-acef-4e76-ae1d-0476ecf1202c" >
		<http:request method="GET" doc:name="Request GET /employee" doc:id="181d012b-e9f5-4f33-af4a-ddcc8fdf4579" config-ref="HTTP_Request_configuration" path="/employees" responseTimeout="60000">
		</http:request>
		<ee:transform doc:name="Store retVal to GetEmployeesRetVal" doc:id="62ab8f58-33c2-4469-ba32-5099e3899144">
				<ee:message />
				<ee:variables>
					<ee:set-variable variableName="GETemployeesRetVal"><![CDATA[%dw 2.0
output application/java
---
{
	"payload": payload,
	"statusCode": attributes.statusCode
}]]></ee:set-variable>
				</ee:variables>
			</ee:transform>
	</sub-flow>


</mule>
